[0mGET /api/employees [32m200[0m 6.955 ms - 26[0m
[0mGET /api/employees [32m200[0m 5.618 ms - 26[0m
[0mGET /favicon.ico [33m404[0m 2.341 ms - 150[0m
[0mGET /api/employees [32m200[0m 1.968 ms - 26[0m
[0mPOST /api/employees [32m201[0m 22.885 ms - 125[0m
[0mPOST /api/employees [32m201[0m 2.137 ms - 124[0m
[0mGET /api/employees [32m200[0m 1.920 ms - 228[0m
[0mPOST /api/employees [32m201[0m 2.634 ms - 124[0m
[0mPUT /api/employees/3 [32m200[0m 7.262 ms - 124[0m
[0mGET /api/employees [32m200[0m 1.634 ms - 329[0m
[0mPOST /api/employees [32m201[0m 1.974 ms - 124[0m
[0mDELETE /api/employees/4 [32m200[0m 2.398 ms - 25[0m
[0mGET /api/employees [32m200[0m 1.981 ms - 329[0m
[0mGET /api/employees [36m304[0m 14.393 ms - -[0m
[0mGET /api/employees [36m304[0m 5.427 ms - -[0m
[0mGET /api/employees [36m304[0m 4.301 ms - -[0m
[0mGET /api/employees [36m304[0m 10.605 ms - -[0m
[0mGET /api/employees [36m304[0m 3.788 ms - -[0m
[0mGET /api/employees [36m304[0m 5.931 ms - -[0m
[0mGET /api/employees [36m304[0m 5.264 ms - -[0m
[0mGET /api/employees [36m304[0m 5.022 ms - -[0m
[0mGET /api/employees [36m304[0m 2.885 ms - -[0m
[0mGET /api/employees [36m304[0m 2.464 ms - -[0m
[0mGET /api/employees [36m304[0m 4.823 ms - -[0m
[0mGET /api/employees [32m200[0m 1.791 ms - 26[0m
[0mPOST /api/employees [32m201[0m 77.162 ms - 124[0m
[0mPOST /api/employees [32m201[0m 64.197 ms - 124[0m
[0mPOST /api/employees [32m201[0m 66.290 ms - 154[0m
[0mGET /api/employees [32m200[0m 3.709 ms - 410[0m
[0mGET /api/employees [36m304[0m 2.876 ms - -[0m
[0mGET /api/employees [36m304[0m 9.800 ms - -[0m
[0mGET /api/employees [36m304[0m 3.482 ms - -[0m
[0mGET /api/employees [36m304[0m 8.801 ms - -[0m
[0mGET /api/employees [36m304[0m 3.212 ms - -[0m
[0mGET /api/employees [36m304[0m 2.678 ms - -[0m
[0mGET /api/employees [36m304[0m 2.967 ms - -[0m
[0mGET /api/employees [36m304[0m 7.421 ms - -[0m
[0mGET /api/employees [36m304[0m 5.294 ms - -[0m
[0mGET /api/employees [36m304[0m 1.721 ms - -[0m
[0mGET /api/employees [36m304[0m 3.518 ms - -[0m
[0mGET /api/employees [36m304[0m 8.280 ms - -[0m
[0mGET /api/employees [36m304[0m 2.683 ms - -[0m
[0mGET /api/employees [36m304[0m 9.196 ms - -[0m
[0mGET /api/employees [36m304[0m 9.147 ms - -[0m
[0mGET /api/employees [36m304[0m 4.784 ms - -[0m
[0mGET /api/employees [36m304[0m 2.745 ms - -[0m
[0mGET /api/employees [36m304[0m 2.603 ms - -[0m
[0mGET /api/employees [36m304[0m 7.876 ms - -[0m
[0mGET /api/employees [36m304[0m 3.019 ms - -[0m
[0mGET /api/employees [36m304[0m 2.878 ms - -[0m
[0mGET /api/employees [36m304[0m 1.973 ms - -[0m
[0mGET /api/employees [36m304[0m 4.463 ms - -[0m
[0mGET /api/employees [36m304[0m 3.083 ms - -[0m
[0mGET /api/employees [36m304[0m 2.810 ms - -[0m
[0mGET /api/employees [36m304[0m 19.844 ms - -[0m
[0mGET /api/employees [36m304[0m 2.530 ms - -[0m
[0mGET /api/employees [36m304[0m 3.295 ms - -[0m
[0mGET /api/employees [36m304[0m 4.842 ms - -[0m
[0mGET /api/employees [36m304[0m 3.088 ms - -[0m
[0mGET /api/employees [36m304[0m 2.907 ms - -[0m
[0mGET /api/employees [36m304[0m 2.611 ms - -[0m
[0mGET /api/employees [36m304[0m 2.584 ms - -[0m
[0mGET /api/employees [36m304[0m 8.610 ms - -[0m
[0mGET /api/employees [36m304[0m 2.378 ms - -[0m
[0mGET /api/employees [36m304[0m 2.799 ms - -[0m
[0mGET /api/employees [36m304[0m 10.035 ms - -[0m
[0mGET /api/employees [36m304[0m 3.784 ms - -[0m
[0mGET /api/employees [36m304[0m 3.156 ms - -[0m
[0mGET /api/employees [36m304[0m 3.561 ms - -[0m
[0mGET /api/employees [36m304[0m 5.173 ms - -[0m
[0mGET /api/employees [36m304[0m 4.393 ms - -[0m
[0mGET /api/employees [36m304[0m 3.353 ms - -[0m
[0mGET /api/employees [36m304[0m 2.304 ms - -[0m
[0mGET /api/employees [36m304[0m 2.490 ms - -[0m
[0mGET /api/employees [36m304[0m 2.663 ms - -[0m
[0mGET /api/employees [36m304[0m 2.388 ms - -[0m
[0mGET /api/employees [36m304[0m 6.047 ms - -[0m
[0mGET /api/employees [36m304[0m 19.169 ms - -[0m
[0mGET /api/employees [36m304[0m 7.739 ms - -[0m
[0mGET /api/employees [36m304[0m 6.259 ms - -[0m
[0mGET /api/employees [36m304[0m 3.745 ms - -[0m
[0mGET /api/employees [36m304[0m 3.554 ms - -[0m
[0mGET /api/employees [36m304[0m 3.241 ms - -[0m
[0mGET /api/employees [36m304[0m 2.671 ms - -[0m
[0mGET /api/employees [36m304[0m 7.608 ms - -[0m
[0mGET /api/employees [36m304[0m 2.247 ms - -[0m
[0mGET /api/employees [36m304[0m 6.362 ms - -[0m
[0mGET /api/employees [36m304[0m 4.094 ms - -[0m
[0mGET /api/employees [36m304[0m 2.618 ms - -[0m
[0mGET /api/employees [36m304[0m 2.343 ms - -[0m
[0mGET /api/employees [36m304[0m 2.338 ms - -[0m
[0mGET /api/employees [36m304[0m 2.552 ms - -[0m
[0mGET /api/employees [36m304[0m 8.680 ms - -[0m
[0mGET /api/employees [36m304[0m 10.569 ms - -[0m
[0mGET /api/employees [36m304[0m 5.521 ms - -[0m
[0mGET /api/employees [36m304[0m 2.760 ms - -[0m
[0mGET /api/employees [36m304[0m 4.353 ms - -[0m
[0mGET /api/employees [36m304[0m 12.059 ms - -[0m
[0mGET /api/employees [36m304[0m 2.263 ms - -[0m
[0mGET /api/employees [36m304[0m 4.677 ms - -[0m
[0mGET /api/employees [36m304[0m 13.343 ms - -[0m
[0mGET /api/employees [36m304[0m 11.131 ms - -[0m
[0mGET /api/employees [36m304[0m 2.166 ms - -[0m
[0mGET /api/employees [36m304[0m 5.250 ms - -[0m
[0mGET /api/employees [36m304[0m 7.302 ms - -[0m
[0mGET /api/employees [36m304[0m 5.613 ms - -[0m
[0mGET /api/employees [36m304[0m 6.779 ms - -[0m
[0mGET /api/employees [36m304[0m 4.403 ms - -[0m
[0mGET /api/employees [36m304[0m 17.014 ms - -[0m
[0mGET /api/employees [36m304[0m 8.502 ms - -[0m
[0mGET /api/employees [36m304[0m 9.221 ms - -[0m
[0mGET /api/employees [36m304[0m 9.277 ms - -[0m
[0mGET /api/employees [36m304[0m 3.613 ms - -[0m
[0mGET /api/employees [36m304[0m 25.737 ms - -[0m
[0mGET /api/employees [36m304[0m 3.374 ms - -[0m
[0mGET /api/employees [36m304[0m 4.635 ms - -[0m
[0mGET /api/employees [36m304[0m 8.362 ms - -[0m
[0mGET /api/employees [36m304[0m 7.069 ms - -[0m
[0mGET /api/employees [36m304[0m 4.027 ms - -[0m
[0mGET /api/employees [36m304[0m 2.553 ms - -[0m
[0mGET /api/employees [36m304[0m 1.986 ms - -[0m
[0mGET /api/employees [36m304[0m 8.669 ms - -[0m
[0mGET /api/employees [36m304[0m 8.244 ms - -[0m
[0mGET /api/employees [36m304[0m 3.402 ms - -[0m
[0mGET /api/employees [36m304[0m 8.653 ms - -[0m
[0mGET /api/employees [36m304[0m 6.615 ms - -[0m
[0mGET /api/employees [36m304[0m 23.378 ms - -[0m
[0mGET /api/employees [36m304[0m 2.416 ms - -[0m
[0mGET /api/employees [36m304[0m 2.377 ms - -[0m
[0mGET /api/employees [36m304[0m 4.298 ms - -[0m
[0mGET /api/employees [36m304[0m 6.003 ms - -[0m
[0mGET /api/employees [36m304[0m 10.649 ms - -[0m
[0mGET /api/employees [36m304[0m 8.682 ms - -[0m
[0mGET /api/employees [36m304[0m 5.896 ms - -[0m
[0mGET /api/employees [36m304[0m 13.882 ms - -[0m
[0mGET /api/employees [36m304[0m 6.901 ms - -[0m
[0mGET /api/employees [36m304[0m 5.545 ms - -[0m
[0mGET /api/employees [36m304[0m 2.201 ms - -[0m
[0mGET /api/employees [36m304[0m 5.948 ms - -[0m
[0mGET /api/employees [36m304[0m 9.427 ms - -[0m
[0mGET /api/employees [36m304[0m 3.696 ms - -[0m
[0mGET /api/employees [36m304[0m 2.165 ms - -[0m
[0mGET /api/employees [36m304[0m 5.487 ms - -[0m
[0mGET /api/employees [36m304[0m 4.915 ms - -[0m
[0mGET /api/employees [36m304[0m 2.481 ms - -[0m
[0mGET /api/employees [36m304[0m 3.037 ms - -[0m
[0mGET /api/employees [36m304[0m 3.300 ms - -[0m
[0mGET /api/employees [36m304[0m 4.192 ms - -[0m
[0mGET /api/employees [36m304[0m 6.035 ms - -[0m
[0mGET /api/employees [36m304[0m 6.938 ms - -[0m
[0mGET /api/employees [36m304[0m 2.850 ms - -[0m
[0mGET /api/employees [36m304[0m 3.640 ms - -[0m
[0mGET /api/employees [36m304[0m 5.629 ms - -[0m
[0mGET /api/employees [36m304[0m 12.534 ms - -[0m
[0mGET /api/employees [36m304[0m 2.131 ms - -[0m
[0mGET /api/employees [36m304[0m 3.412 ms - -[0m
[0mGET /api/employees [36m304[0m 3.115 ms - -[0m
[0mGET /api/employees [36m304[0m 5.053 ms - -[0m
[0mGET /api/employees [36m304[0m 5.976 ms - -[0m
[0mGET /api/employees [36m304[0m 4.399 ms - -[0m
[0mGET /api/employees [36m304[0m 2.588 ms - -[0m
[0mGET /api/employees [36m304[0m 2.318 ms - -[0m
[0mGET /api/employees [36m304[0m 8.354 ms - -[0m
[0mGET /api/employees [36m304[0m 4.113 ms - -[0m
[0mGET /api/employees [36m304[0m 4.991 ms - -[0m
[0mGET /api/employees [36m304[0m 11.426 ms - -[0m
[0mGET /api/employees [36m304[0m 4.311 ms - -[0m
[0mGET /api/employees [36m304[0m 5.120 ms - -[0m
[0mGET /api/employees [36m304[0m 6.771 ms - -[0m
[0mGET /api/employees [36m304[0m 4.279 ms - -[0m
[0mGET /api/employees [36m304[0m 3.695 ms - -[0m
[0mGET /api/employees [32m200[0m 35.298 ms - 794[0m
[0mOPTIONS /api/employees [32m204[0m 0.434 ms - 0[0m
[0mPOST /api/employees [32m201[0m 104.033 ms - 152[0m
[0mGET /api/employees [32m200[0m 13.068 ms - 921[0m
[0mGET /api/employees [36m304[0m 5.872 ms - -[0m
[0mGET /api/employees [36m304[0m 4.120 ms - -[0m
[0mGET /api/employees [36m304[0m 16.367 ms - -[0m
[0mGET /api/employees [36m304[0m 26.034 ms - -[0m
[0mGET /api/employees [36m304[0m 3.441 ms - -[0m
[0mGET /api/employees [36m304[0m 12.021 ms - -[0m
[0mGET /api/employees [36m304[0m 14.928 ms - -[0m
[0mGET /api/employees [36m304[0m 18.036 ms - -[0m
[0mGET /api/employees [36m304[0m 13.403 ms - -[0m
[0mGET /api/employees [36m304[0m 14.402 ms - -[0m
[0mGET /api/employees [36m304[0m 12.200 ms - -[0m
[0mGET /api/employees [36m304[0m 4.687 ms - -[0m
[0mGET /api/employees [36m304[0m 13.372 ms - -[0m
[0mGET /api/employees [36m304[0m 4.087 ms - -[0m
[0mGET /api/employees [36m304[0m 8.649 ms - -[0m
[0mGET /api/employees [36m304[0m 6.330 ms - -[0m
[0mGET /api/employees [36m304[0m 3.502 ms - -[0m
[0mGET /api/employees [36m304[0m 12.653 ms - -[0m
[0mGET /api/employees [36m304[0m 15.690 ms - -[0m
[0mGET /api/employees [36m304[0m 13.446 ms - -[0m
[0mGET /api/employees [32m200[0m 23.277 ms - 794[0m
[0mGET /api/employees [36m304[0m 8.581 ms - -[0m
[0mGET /favicon.ico [33m404[0m 2.704 ms - 150[0m
[0mGET /api/employees [36m304[0m 78.645 ms - -[0m
[0mOPTIONS /api/employees [32m204[0m 0.786 ms - 0[0m
[0mPOST /api/employees [32m201[0m 41.488 ms - 150[0m
[0mGET /api/employees [32m200[0m 4.101 ms - 919[0m
[0mGET /api/employees [36m304[0m 26.290 ms - -[0m
[0mGET /api/employees [36m304[0m 10.216 ms - -[0m
[0mGET /api/employees [36m304[0m 4.694 ms - -[0m
[0mGET /api/employees [36m304[0m 8.097 ms - -[0m
[0mGET /api/employees [36m304[0m 4.381 ms - -[0m
[0mGET /api/employees [36m304[0m 3.907 ms - -[0m
[0mGET /api/employees [36m304[0m 24.956 ms - -[0m
[0mGET /api/employees [36m304[0m 13.573 ms - -[0m
[0mGET /api/employees [36m304[0m 24.011 ms - -[0m
[0mGET /api/employees [36m304[0m 21.415 ms - -[0m
[0mGET /api/employees [36m304[0m 5.359 ms - -[0m
[0mGET /api/employees [36m304[0m 50.145 ms - -[0m
[0mGET /api/employees [36m304[0m 23.664 ms - -[0m
[0mGET /api/employees [36m304[0m 20.335 ms - -[0m
[0mOPTIONS /api/employees/1 [32m204[0m 0.425 ms - 0[0m
[0mPUT /api/employees/1 [32m200[0m 22.412 ms - 152[0m
[0mGET /api/employees [32m200[0m 3.511 ms - 921[0m
[0mOPTIONS /api/employees/12 [32m204[0m 0.246 ms - 0[0m
[0mDELETE /api/employees/12 [32m200[0m 11.241 ms - 25[0m
[0mGET /api/employees [32m200[0m 4.125 ms - 796[0m
[0mOPTIONS /api/employees/3 [32m204[0m 0.225 ms - 0[0m
[0mPUT /api/employees/3 [32m200[0m 20.662 ms - 155[0m
[0mGET /api/employees [32m200[0m 6.604 ms - 797[0m
[0mOPTIONS /api/employees/6 [32m204[0m 0.246 ms - 0[0m
[0mDELETE /api/employees/6 [32m200[0m 13.044 ms - 25[0m
[0mGET /api/employees [32m200[0m 4.058 ms - 669[0m
[0mOPTIONS /api/employees/5 [32m204[0m 0.250 ms - 0[0m
[0mPUT /api/employees/5 [32m200[0m 31.814 ms - 153[0m
[0mGET /api/employees [32m200[0m 7.920 ms - 672[0m
[0mGET /api/employees [36m304[0m 12.518 ms - -[0m
[0mOPTIONS /api/employees/4 [32m204[0m 0.578 ms - 0[0m
[0mPUT /api/employees/4 [32m200[0m 18.488 ms - 155[0m
[0mGET /api/employees [32m200[0m 3.507 ms - 675[0m
[0mGET /api/employees [36m304[0m 11.149 ms - -[0m
[0mGET /api/employees [36m304[0m 5.688 ms - -[0m
[0mOPTIONS /api/employees [32m204[0m 0.196 ms - 0[0m
[0mPOST /api/employees [32m201[0m 12.278 ms - 159[0m
[0mGET /api/employees [32m200[0m 3.454 ms - 809[0m
[0mGET /api/employees [32m200[0m 52.127 ms - 26[0m
[0mGET /api/employees [36m304[0m 12.294 ms - -[0m
[0mGET /api/employees [36m304[0m 9.180 ms - -[0m
[0mGET /api/employees [36m304[0m 16.359 ms - -[0m
[0mOPTIONS /api/employees [32m204[0m 0.908 ms - 0[0m
[0mPOST /api/employees [32m201[0m 54.366 ms - 149[0m
[0mGET /api/employees [32m200[0m 4.070 ms - 151[0m
[0mOPTIONS /api/employees/1 [32m204[0m 0.286 ms - 0[0m
[0mPUT /api/employees/1 [32m200[0m 23.164 ms - 164[0m
[0mGET /api/employees [32m200[0m 5.086 ms - 166[0m
[0mOPTIONS /api/employees [32m204[0m 0.178 ms - 0[0m
[0mPOST /api/employees [32m201[0m 12.361 ms - 166[0m
[0mGET /api/employees [32m200[0m 6.582 ms - 307[0m
[0mOPTIONS /api/employees/1 [32m204[0m 0.406 ms - 0[0m
[0mPUT /api/employees/1 [32m200[0m 19.152 ms - 164[0m
[0mGET /api/employees [32m200[0m 4.736 ms - 307[0m
[0mGET /api/employees [32m200[0m 16.991 ms - 26[0m
[0mGET /api/employees [36m304[0m 4.443 ms - -[0m
[0mOPTIONS /api/employees [32m204[0m 0.994 ms - 0[0m
[0mPOST /api/employees [32m201[0m 43.225 ms - 166[0m
[0mGET /api/employees [32m200[0m 3.769 ms - 166[0m
[0mOPTIONS /api/employees [32m204[0m 0.364 ms - 0[0m
[0mPOST /api/employees [32m201[0m 15.110 ms - 167[0m
[0mGET /api/employees [32m200[0m 6.256 ms - 308[0m
[0mGET /api/employees [36m304[0m 20.852 ms - -[0m
[0mGET /api/employees [36m304[0m 6.293 ms - -[0m
[0mGET /api/employees [36m304[0m 21.856 ms - -[0m
[0mGET /api/employees [36m304[0m 27.133 ms - -[0m
[0mOPTIONS /api/employees/2 [32m204[0m 0.433 ms - 0[0m
[0mPUT /api/employees/2 [32m200[0m 47.738 ms - 165[0m
[0mGET /api/employees [32m200[0m 3.796 ms - 308[0m
[0mGET /api/employees [36m304[0m 70.922 ms - -[0m
[0mGET /api/employees [36m304[0m 3.844 ms - -[0m
[0mGET /api/employees [36m304[0m 78.196 ms - -[0m
[0mGET /api/employees [36m304[0m 9.231 ms - -[0m
[0mGET /api/employees [36m304[0m 20.258 ms - -[0m
[0mGET /api/employees [36m304[0m 24.808 ms - -[0m
[0mOPTIONS /api/employees [32m204[0m 0.911 ms - 0[0m
[0mPOST /api/employees [32m201[0m 43.211 ms - 167[0m
[0mGET /api/employees [32m200[0m 3.791 ms - 450[0m
[0mGET /api/employees [36m304[0m 4.461 ms - -[0m
[0mGET /api/employees [36m304[0m 7.700 ms - -[0m
[0mGET /api/employees [36m304[0m 20.904 ms - -[0m
[0mOPTIONS /api/employees/undefined [32m204[0m 0.292 ms - 0[0m
[0mDELETE /api/employees/undefined [32m200[0m 9.601 ms - 25[0m
[0mGET /api/employees [36m304[0m 3.459 ms - -[0m
[0mOPTIONS /api/employees/undefined [32m204[0m 0.224 ms - 0[0m
[0mDELETE /api/employees/undefined [32m200[0m 4.051 ms - 25[0m
[0mGET /api/employees [36m304[0m 4.095 ms - -[0m
[0mGET /api/employees [36m304[0m 9.775 ms - -[0m
[0mGET /api/employees [36m304[0m 17.257 ms - -[0m
[0mOPTIONS /api/employees [32m204[0m 0.217 ms - 0[0m
[0mPOST /api/employees [32m201[0m 14.826 ms - 169[0m
[0mGET /api/employees [32m200[0m 5.558 ms - 594[0m
[0mOPTIONS /api/employees/ [32m204[0m 0.240 ms - 0[0m
[0mPUT /api/employees/ [33m404[0m 2.297 ms - 153[0m
[0mOPTIONS /api/employees/undefined [32m204[0m 0.231 ms - 0[0m
[0mDELETE /api/employees/undefined [32m200[0m 2.505 ms - 25[0m
[0mGET /api/employees [36m304[0m 6.123 ms - -[0m
[0mGET /api/employees [36m304[0m 8.696 ms - -[0m
[0mGET /api/employees [36m304[0m 3.842 ms - -[0m
[0mOPTIONS /api/employees/undefined [32m204[0m 0.197 ms - 0[0m
[0mDELETE /api/employees/undefined [32m200[0m 2.492 ms - 25[0m
[0mGET /api/employees [36m304[0m 3.932 ms - -[0m
[0mDELETE /api/employees/undefined [32m200[0m 2.616 ms - 25[0m
[0mGET /api/employees [36m304[0m 3.290 ms - -[0m
[0mGET /api/employees [36m304[0m 5.308 ms - -[0m
[0mGET /api/employees [36m304[0m 7.183 ms - -[0m
[0mOPTIONS /api/employees [32m204[0m 0.212 ms - 0[0m
[0mPOST /api/employees [32m201[0m 13.162 ms - 166[0m
[0mGET /api/employees [32m200[0m 3.355 ms - 735[0m
[0mGET /api/employees [36m304[0m 5.217 ms - -[0m
[0mGET /api/employees [36m304[0m 4.333 ms - -[0m
[0mOPTIONS /api/employees/undefined [32m204[0m 0.215 ms - 0[0m
[0mDELETE /api/employees/undefined [32m200[0m 2.156 ms - 25[0m
[0mGET /api/employees [36m304[0m 2.945 ms - -[0m
[0mOPTIONS /api/employees/undefined [32m204[0m 0.329 ms - 0[0m
[0mDELETE /api/employees/undefined [32m200[0m 2.168 ms - 25[0m
[0mGET /api/employees [36m304[0m 3.031 ms - -[0m
[0mGET /api/employees [36m304[0m 5.717 ms - -[0m
[0mOPTIONS /api/employees/4 [32m204[0m 0.241 ms - 0[0m
[0mDELETE /api/employees/4 [32m200[0m 13.387 ms - 25[0m
[0mGET /api/employees [32m200[0m 2.614 ms - 591[0m
[0mOPTIONS /api/employees/5 [32m204[0m 0.202 ms - 0[0m
[0mDELETE /api/employees/5 [32m200[0m 10.914 ms - 25[0m
[0mGET /api/employees [32m200[0m 3.002 ms - 450[0m
[0mOPTIONS /api/employees [32m204[0m 0.198 ms - 0[0m
[0mPOST /api/employees [32m201[0m 15.446 ms - 149[0m
[0mGET /api/employees [32m200[0m 2.965 ms - 574[0m
[0mGET /api/employees [36m304[0m 4.438 ms - -[0m
[0mOPTIONS /api/employees/6 [32m204[0m 0.207 ms - 0[0m
[0mDELETE /api/employees/6 [32m200[0m 14.337 ms - 25[0m
[0mGET /api/employees [32m200[0m 3.287 ms - 450[0m
[0mOPTIONS /api/employees/3 [32m204[0m 0.342 ms - 0[0m
[0mPUT /api/employees/3 [32m200[0m 22.455 ms - 166[0m
[0mGET /api/employees [32m200[0m 3.706 ms - 451[0m
